
                         ''~``                          
                        ( o o )                         
+------------------.oooO--(_)--Oooo.------------------+ 
|                                                     | 
|                .-------------------.                | 
|                | I N D I E  L I B  |                | 
|                .-------------------.                | 
|                    .oooO                            | 
|                    (   )   Oooo.                    | 
+---------------------\ (----(   )--------------------+
                       \_)    ) /                      
                             (_/                        
Indielib version: 0.5.1

[Init time]: (Thrusday, 2 of June 2016)

[21:34:55] [ BEGIN ] -- Creating Render --
                     {
[21:34:55] [ BEGIN ]    -- Creating SDL window --
                        {
           [  OK   ]       Window created
           [ INFO  ]       Mode: Window
                        }
[21:34:55] [  END  ]    Window OK [Elapsed time = 0.024 seg]
[21:34:55] [ BEGIN ]    -- Initializing Direct3D --
                        {
           [  OK   ]       Creating D3D object
           [  OK   ]       Obtaining the adapter
           [  OK   ]       Creating the device (D3DCREATE_HARDWARE_VERTEXPROCESSING)
           [ INFO  ]       Video mode: 800 x 600 x 32
                        }
[21:34:55] [  END  ]    Direct3D OK [Elapsed time = 0.023 seg]
[21:34:55] [ BEGIN ]    -- Hardware information --
                        {
           [ INFO  ]       Direct3D version: DXSDK November 2007
           [ INFO  ]       Mark: ?
           [ INFO  ]       Chip: Intel(R) HD Graphics 4000
           [ INFO  ]       Primitive antialising (D3DRS_ANTIALIASEDLINEENABLE): No
           [ INFO  ]       Maximum texture size: 8192 x 8192
           [ INFO  ]       Vertex Shader: 3 . 0 
           [ INFO  ]       Pixel Shader: 3 . 0
                        }
[21:34:55] [  END  ]    Hardware Ok [Elapsed time = 0 seg]
[21:34:55] [ BEGIN ]    -- Initializing ImageManager --
                        {
           [  OK   ]       Preparing ImageManager
           [ INFO  ]       Using FreeImage version:  3.15.3
           [ INFO  ]       Copyright:  This program uses FreeImage, a free, open source image library supporting all common bitmap formats. See http://freeimage.sourceforge.net for details
                        }
[21:34:55] [  END  ]    ImageManager Initialised [Elapsed time = 0 seg]
[21:34:55] [ BEGIN ]    -- Initializing SurfaceManager --
                        {
           [  OK   ]       Checking IND_Render
           [  OK   ]       Checking IND_ImageManager
                        }
[21:34:55] [  END  ]    SurfaceManager OK [Elapsed time = 0 seg]
[21:34:55] [ BEGIN ]    -- Initializing AnimationManager --
                        {
           [  OK   ]       SurfaceManager Ok
           [  OK   ]       ImageManager Ok
                        }
[21:34:55] [  END  ]    AnimationManager OK [Elapsed time = 0 seg]
[21:34:55] [ BEGIN ]    -- Initializing FontManager --
                        {
           [  OK   ]       SurfaceManager Ok
           [  OK   ]       ImageManager Ok
                        }
[21:34:55] [  END  ]    FontManager OK [Elapsed time = 0 seg]
[21:34:55] [ BEGIN ]    -- Initializing Entity2dManager --
                        {
           [  OK   ]       Preparing Entity2dManager
           [  OK   ]        Checking IND_Render
                        }
[21:34:55] [  END  ]    Entity2dManager OK [Elapsed time = 0 seg]
[21:34:55] [ BEGIN ]    -- Loading Image --
                        {
           [ INFO  ]       File name: ../SpaceGame/resources/background2.jpg
           [ INFO  ]       Extension: jpg
           [ INFO  ]       Size: 800 x 600
           [ INFO  ]       Bpp: 3
           [ INFO  ]       Format: IND_RGB
                        }
[21:34:56] [  END  ]    Image loaded [Elapsed time = 0.021 seg]
[21:34:56] [ BEGIN ]    -- Creating surface --
                        {
           [ INFO  ]       From image: ../SpaceGame/resources/background2.jpg
           [  OK   ]       Image type converted to 32-bit RGB implicitly.
           [ INFO  ]       Type: IND_ALPHA
           [ INFO  ]       Quality: IND_32
           [ INFO  ]       Image size: 800 x 600
           [ INFO  ]       Block size: 1024 x 1024
           [ INFO  ]       Number of blocks: 1 x 1
           [ INFO  ]       Spare (Right | Down): 224 x 424
                        }
[21:34:56] [  END  ]    Surface created [Elapsed time = 0.006 seg]
[21:34:56] [ BEGIN ]    -- Freeing image --
                        {
           [ INFO  ]       File name: ../SpaceGame/resources/background2.jpg
                        }
[21:34:56] [  END  ]    Ok [Elapsed time = 0 seg]
[21:34:56] [ BEGIN ]    -- Loading Image --
                        {
           [ INFO  ]       File name: ../SpaceGame/resources/hbr1.png
           [ INFO  ]       Extension: png
           [ INFO  ]       Size: 68 x 33
           [ INFO  ]       Bpp: 4
           [ INFO  ]       Format: IND_RGBA
                        }
[21:34:56] [  END  ]    Image loaded [Elapsed time = 0.001 seg]
[21:34:56] [ BEGIN ]    -- Creating surface --
                        {
           [ INFO  ]       From image: ../SpaceGame/resources/hbr1.png
           [ INFO  ]       Type: IND_ALPHA
           [ INFO  ]       Quality: IND_32
           [ INFO  ]       Image size: 68 x 33
           [ INFO  ]       Block size: 128 x 64
           [ INFO  ]       Number of blocks: 1 x 1
           [ INFO  ]       Spare (Right | Down): 60 x 31
                        }
[21:34:56] [  END  ]    Surface created [Elapsed time = 0 seg]
[21:34:56] [ BEGIN ]    -- Freeing image --
                        {
           [ INFO  ]       File name: ../SpaceGame/resources/hbr1.png
                        }
[21:34:56] [  END  ]    Ok [Elapsed time = 0 seg]
[21:34:56] [ BEGIN ]    -- Loading Image --
                        {
           [ INFO  ]       File name: ../SpaceGame/resources/hbr2.png
           [ INFO  ]       Extension: png
           [ INFO  ]       Size: 99 x 33
           [ INFO  ]       Bpp: 4
           [ INFO  ]       Format: IND_RGBA
                        }
[21:34:56] [  END  ]    Image loaded [Elapsed time = 0.001 seg]
[21:34:56] [ BEGIN ]    -- Creating surface --
                        {
           [ INFO  ]       From image: ../SpaceGame/resources/hbr2.png
           [ INFO  ]       Type: IND_ALPHA
           [ INFO  ]       Quality: IND_32
           [ INFO  ]       Image size: 99 x 33
           [ INFO  ]       Block size: 128 x 64
           [ INFO  ]       Number of blocks: 1 x 1
           [ INFO  ]       Spare (Right | Down): 29 x 31
                        }
[21:34:56] [  END  ]    Surface created [Elapsed time = 0.001 seg]
[21:34:56] [ BEGIN ]    -- Freeing image --
                        {
           [ INFO  ]       File name: ../SpaceGame/resources/hbr2.png
                        }
[21:34:56] [  END  ]    Ok [Elapsed time = 0 seg]
[21:34:56] [ BEGIN ]    -- Loading Image --
                        {
           [ INFO  ]       File name: ../SpaceGame/resources/hbb1.png
           [ INFO  ]       Extension: png
           [ INFO  ]       Size: 68 x 33
           [ INFO  ]       Bpp: 4
           [ INFO  ]       Format: IND_RGBA
                        }
[21:34:56] [  END  ]    Image loaded [Elapsed time = 0.001 seg]
[21:34:56] [ BEGIN ]    -- Creating surface --
                        {
           [ INFO  ]       From image: ../SpaceGame/resources/hbb1.png
           [ INFO  ]       Type: IND_ALPHA
           [ INFO  ]       Quality: IND_32
           [ INFO  ]       Image size: 68 x 33
           [ INFO  ]       Block size: 128 x 64
           [ INFO  ]       Number of blocks: 1 x 1
           [ INFO  ]       Spare (Right | Down): 60 x 31
                        }
[21:34:56] [  END  ]    Surface created [Elapsed time = 0 seg]
[21:34:56] [ BEGIN ]    -- Freeing image --
                        {
           [ INFO  ]       File name: ../SpaceGame/resources/hbb1.png
                        }
[21:34:56] [  END  ]    Ok [Elapsed time = 0 seg]
[21:34:56] [ BEGIN ]    -- Loading Image --
                        {
           [ INFO  ]       File name: ../SpaceGame/resources/hbb2.png
           [ INFO  ]       Extension: png
           [ INFO  ]       Size: 99 x 33
           [ INFO  ]       Bpp: 4
           [ INFO  ]       Format: IND_RGBA
                        }
[21:34:56] [  END  ]    Image loaded [Elapsed time = 0.001 seg]
[21:34:56] [ BEGIN ]    -- Creating surface --
                        {
           [ INFO  ]       From image: ../SpaceGame/resources/hbb2.png
           [ INFO  ]       Type: IND_ALPHA
           [ INFO  ]       Quality: IND_32
           [ INFO  ]       Image size: 99 x 33
           [ INFO  ]       Block size: 128 x 64
           [ INFO  ]       Number of blocks: 1 x 1
           [ INFO  ]       Spare (Right | Down): 29 x 31
                        }
[21:34:56] [  END  ]    Surface created [Elapsed time = 0 seg]
[21:34:56] [ BEGIN ]    -- Freeing image --
                        {
           [ INFO  ]       File name: ../SpaceGame/resources/hbb2.png
                        }
[21:34:56] [  END  ]    Ok [Elapsed time = 0 seg]
[21:34:56] [ BEGIN ]    -- Loading Image --
                        {
           [ INFO  ]       File name: ../SpaceGame/resources/red.png
           [ INFO  ]       Extension: png
           [ INFO  ]       Size: 328 x 328
           [ INFO  ]       Bpp: 4
           [ INFO  ]       Format: IND_RGBA
                        }
[21:34:56] [  END  ]    Image loaded [Elapsed time = 0.003 seg]
[21:34:56] [ BEGIN ]    -- Creating surface --
                        {
           [ INFO  ]       From image: ../SpaceGame/resources/red.png
           [ INFO  ]       Type: IND_ALPHA
           [ INFO  ]       Quality: IND_32
           [ INFO  ]       Image size: 328 x 328
           [ INFO  ]       Block size: 512 x 512
           [ INFO  ]       Number of blocks: 1 x 1
           [ INFO  ]       Spare (Right | Down): 184 x 184
                        }
[21:34:56] [  END  ]    Surface created [Elapsed time = 0.001 seg]
[21:34:56] [ BEGIN ]    -- Freeing image --
                        {
           [ INFO  ]       File name: ../SpaceGame/resources/red.png
                        }
[21:34:56] [  END  ]    Ok [Elapsed time = 0 seg]
[21:34:56] [ BEGIN ]    -- Loading Image --
                        {
           [ INFO  ]       File name: ../SpaceGame/resources/blue.png
           [ INFO  ]       Extension: png
           [ INFO  ]       Size: 328 x 328
           [ INFO  ]       Bpp: 4
           [ INFO  ]       Format: IND_RGBA
                        }
[21:34:56] [  END  ]    Image loaded [Elapsed time = 0.002 seg]
[21:34:56] [ BEGIN ]    -- Creating surface --
                        {
           [ INFO  ]       From image: ../SpaceGame/resources/blue.png
           [ INFO  ]       Type: IND_ALPHA
           [ INFO  ]       Quality: IND_32
           [ INFO  ]       Image size: 328 x 328
           [ INFO  ]       Block size: 512 x 512
           [ INFO  ]       Number of blocks: 1 x 1
           [ INFO  ]       Spare (Right | Down): 184 x 184
                        }
[21:34:56] [  END  ]    Surface created [Elapsed time = 0.001 seg]
[21:34:56] [ BEGIN ]    -- Freeing image --
                        {
           [ INFO  ]       File name: ../SpaceGame/resources/blue.png
                        }
[21:34:56] [  END  ]    Ok [Elapsed time = 0 seg]
[21:34:56] [ BEGIN ]    -- Parsing and loading animation --
                        {
           [ INFO  ]       File name: ../SpaceGame/resources/animations/character1.xml
[21:34:56] [ BEGIN ]       -- Loading Image --
                           {
           [ INFO  ]          File name: ../SpaceGame/resources/animations/advance/Rock_Avanza_01.png
           [ INFO  ]          Extension: png
           [ INFO  ]          Size: 116 x 198
           [ INFO  ]          Bpp: 1
           [ INFO  ]          Format: IND_COLOUR_INDEX
                           }
[21:34:56] [  END  ]       Image loaded [Elapsed time = 0.001 seg]
[21:34:56] [ BEGIN ]       -- Loading Image --
                           {
           [ INFO  ]          File name: ../SpaceGame/resources/animations/advance/Rock_Avanza_02.png
           [ INFO  ]          Extension: png
           [ INFO  ]          Size: 114 x 200
           [ INFO  ]          Bpp: 1
           [ INFO  ]          Format: IND_COLOUR_INDEX
                           }
[21:34:56] [  END  ]       Image loaded [Elapsed time = 0.001 seg]
[21:34:56] [ BEGIN ]       -- Loading Image --
                           {
           [ INFO  ]          File name: ../SpaceGame/resources/animations/advance/Rock_Avanza_03.png
           [ INFO  ]          Extension: png
           [ INFO  ]          Size: 110 x 202
           [ INFO  ]          Bpp: 1
           [ INFO  ]          Format: IND_COLOUR_INDEX
                           }
[21:34:56] [  END  ]       Image loaded [Elapsed time = 0.001 seg]
[21:34:56] [ BEGIN ]       -- Loading Image --
                           {
           [ INFO  ]          File name: ../SpaceGame/resources/animations/advance/Rock_Avanza_04.png
           [ INFO  ]          Extension: png
           [ INFO  ]          Size: 106 x 200
           [ INFO  ]          Bpp: 1
           [ INFO  ]          Format: IND_COLOUR_INDEX
                           }
[21:34:56] [  END  ]       Image loaded [Elapsed time = 0.001 seg]
[21:34:56] [ BEGIN ]       -- Loading Image --
                           {
           [ INFO  ]          File name: ../SpaceGame/resources/animations/advance/Rock_Avanza_05.png
           [ INFO  ]          Extension: png
           [ INFO  ]          Size: 106 x 200
           [ INFO  ]          Bpp: 1
           [ INFO  ]          Format: IND_COLOUR_INDEX
                           }
[21:34:56] [  END  ]       Image loaded [Elapsed time = 0.001 seg]
[21:34:56] [ BEGIN ]       -- Loading Image --
                           {
           [ INFO  ]          File name: ../SpaceGame/resources/animations/advance/Rock_Avanza_06.png
           [ INFO  ]          Extension: png
           [ INFO  ]          Size: 106 x 202
           [ INFO  ]          Bpp: 1
           [ INFO  ]          Format: IND_COLOUR_INDEX
                           }
[21:34:56] [  END  ]       Image loaded [Elapsed time = 0.001 seg]
[21:34:56] [ BEGIN ]       -- Loading Image --
                           {
           [ INFO  ]          File name: ../SpaceGame/resources/animations/advance/Rock_Avanza_07.png
           [ INFO  ]          Extension: png
           [ INFO  ]          Size: 106 x 204
           [ INFO  ]          Bpp: 1
           [ INFO  ]          Format: IND_COLOUR_INDEX
                           }
[21:34:56] [  END  ]       Image loaded [Elapsed time = 0.001 seg]
[21:34:56] [ BEGIN ]       -- Loading Image --
                           {
           [ INFO  ]          File name: ../SpaceGame/resources/animations/advance/Rock_Avanza_08.png
           [ INFO  ]          Extension: png
           [ INFO  ]          Size: 106 x 202
           [ INFO  ]          Bpp: 1
           [ INFO  ]          Format: IND_COLOUR_INDEX
                           }
[21:34:56] [  END  ]       Image loaded [Elapsed time = 0.001 seg]
[21:34:56] [ BEGIN ]       -- Loading Image --
                           {
           [ INFO  ]          File name: ../SpaceGame/resources/animations/advance/Rock_Avanza_09.png
           [ INFO  ]          Extension: png
           [ INFO  ]          Size: 102 x 198
           [ INFO  ]          Bpp: 1
           [ INFO  ]          Format: IND_COLOUR_INDEX
                           }
[21:34:56] [  END  ]       Image loaded [Elapsed time = 0.001 seg]
[21:34:56] [ BEGIN ]       -- Loading Image --
                           {
           [ INFO  ]          File name: ../SpaceGame/resources/animations/advance/Rock_Avanza_10.png
           [ INFO  ]          Extension: png
           [ INFO  ]          Size: 102 x 196
           [ INFO  ]          Bpp: 1
           [ INFO  ]          Format: IND_COLOUR_INDEX
                           }
[21:34:56] [  END  ]       Image loaded [Elapsed time = 0 seg]
                        }
[21:34:56] [  END  ]    Animation parsed and loaded [Elapsed time = 0.01 seg]
[21:34:56] [ BEGIN ]    -- Creating surface --
                        {
           [ INFO  ]       From image: ../SpaceGame/resources/animations/advance/Rock_Avanza_01.png
           [ INFO  ]       Type: IND_ALPHA
           [ INFO  ]       Quality: IND_32
           [ INFO  ]       Image size: 116 x 198
           [ INFO  ]       Block size: 128 x 256
           [ INFO  ]       Number of blocks: 1 x 1
           [ INFO  ]       Spare (Right | Down): 12 x 58
                        }
[21:34:56] [  END  ]    Surface created [Elapsed time = 0 seg]
[21:34:56] [ BEGIN ]    -- Freeing image --
                        {
           [ INFO  ]       File name: ../SpaceGame/resources/animations/advance/Rock_Avanza_01.png
                        }
[21:34:56] [  END  ]    Ok [Elapsed time = 0 seg]
[21:34:56] [ BEGIN ]    -- Creating surface --
                        {
           [ INFO  ]       From image: ../SpaceGame/resources/animations/advance/Rock_Avanza_02.png
           [ INFO  ]       Type: IND_ALPHA
           [ INFO  ]       Quality: IND_32
           [ INFO  ]       Image size: 114 x 200
           [ INFO  ]       Block size: 128 x 256
           [ INFO  ]       Number of blocks: 1 x 1
           [ INFO  ]       Spare (Right | Down): 14 x 56
                        }
[21:34:56] [  END  ]    Surface created [Elapsed time = 0 seg]
[21:34:56] [ BEGIN ]    -- Freeing image --
                        {
           [ INFO  ]       File name: ../SpaceGame/resources/animations/advance/Rock_Avanza_02.png
                        }
[21:34:56] [  END  ]    Ok [Elapsed time = 0 seg]
[21:34:56] [ BEGIN ]    -- Creating surface --
                        {
           [ INFO  ]       From image: ../SpaceGame/resources/animations/advance/Rock_Avanza_03.png
           [ INFO  ]       Type: IND_ALPHA
           [ INFO  ]       Quality: IND_32
           [ INFO  ]       Image size: 110 x 202
           [ INFO  ]       Block size: 128 x 256
           [ INFO  ]       Number of blocks: 1 x 1
           [ INFO  ]       Spare (Right | Down): 18 x 54
                        }
[21:34:56] [  END  ]    Surface created [Elapsed time = 0 seg]
[21:34:56] [ BEGIN ]    -- Freeing image --
                        {
           [ INFO  ]       File name: ../SpaceGame/resources/animations/advance/Rock_Avanza_03.png
                        }
[21:34:56] [  END  ]    Ok [Elapsed time = 0 seg]
[21:34:56] [ BEGIN ]    -- Creating surface --
                        {
           [ INFO  ]       From image: ../SpaceGame/resources/animations/advance/Rock_Avanza_04.png
           [ INFO  ]       Type: IND_ALPHA
           [ INFO  ]       Quality: IND_32
           [ INFO  ]       Image size: 106 x 200
           [ INFO  ]       Block size: 128 x 256
           [ INFO  ]       Number of blocks: 1 x 1
           [ INFO  ]       Spare (Right | Down): 22 x 56
                        }
[21:34:56] [  END  ]    Surface created [Elapsed time = 0 seg]
[21:34:56] [ BEGIN ]    -- Freeing image --
                        {
           [ INFO  ]       File name: ../SpaceGame/resources/animations/advance/Rock_Avanza_04.png
                        }
[21:34:56] [  END  ]    Ok [Elapsed time = 0 seg]
[21:34:56] [ BEGIN ]    -- Creating surface --
                        {
           [ INFO  ]       From image: ../SpaceGame/resources/animations/advance/Rock_Avanza_05.png
           [ INFO  ]       Type: IND_ALPHA
           [ INFO  ]       Quality: IND_32
           [ INFO  ]       Image size: 106 x 200
           [ INFO  ]       Block size: 128 x 256
           [ INFO  ]       Number of blocks: 1 x 1
           [ INFO  ]       Spare (Right | Down): 22 x 56
                        }
[21:34:56] [  END  ]    Surface created [Elapsed time = 0.001 seg]
[21:34:56] [ BEGIN ]    -- Freeing image --
                        {
           [ INFO  ]       File name: ../SpaceGame/resources/animations/advance/Rock_Avanza_05.png
                        }
[21:34:56] [  END  ]    Ok [Elapsed time = 0 seg]
[21:34:56] [ BEGIN ]    -- Creating surface --
                        {
           [ INFO  ]       From image: ../SpaceGame/resources/animations/advance/Rock_Avanza_06.png
           [ INFO  ]       Type: IND_ALPHA
           [ INFO  ]       Quality: IND_32
           [ INFO  ]       Image size: 106 x 202
           [ INFO  ]       Block size: 128 x 256
           [ INFO  ]       Number of blocks: 1 x 1
           [ INFO  ]       Spare (Right | Down): 22 x 54
                        }
[21:34:56] [  END  ]    Surface created [Elapsed time = 0.001 seg]
[21:34:56] [ BEGIN ]    -- Freeing image --
                        {
           [ INFO  ]       File name: ../SpaceGame/resources/animations/advance/Rock_Avanza_06.png
                        }
[21:34:56] [  END  ]    Ok [Elapsed time = 0 seg]
[21:34:56] [ BEGIN ]    -- Creating surface --
                        {
           [ INFO  ]       From image: ../SpaceGame/resources/animations/advance/Rock_Avanza_07.png
           [ INFO  ]       Type: IND_ALPHA
           [ INFO  ]       Quality: IND_32
           [ INFO  ]       Image size: 106 x 204
           [ INFO  ]       Block size: 128 x 256
           [ INFO  ]       Number of blocks: 1 x 1
           [ INFO  ]       Spare (Right | Down): 22 x 52
                        }
[21:34:56] [  END  ]    Surface created [Elapsed time = 0 seg]
[21:34:56] [ BEGIN ]    -- Freeing image --
                        {
           [ INFO  ]       File name: ../SpaceGame/resources/animations/advance/Rock_Avanza_07.png
                        }
[21:34:56] [  END  ]    Ok [Elapsed time = 0.001 seg]
[21:34:56] [ BEGIN ]    -- Creating surface --
                        {
           [ INFO  ]       From image: ../SpaceGame/resources/animations/advance/Rock_Avanza_08.png
           [ INFO  ]       Type: IND_ALPHA
           [ INFO  ]       Quality: IND_32
           [ INFO  ]       Image size: 106 x 202
           [ INFO  ]       Block size: 128 x 256
           [ INFO  ]       Number of blocks: 1 x 1
           [ INFO  ]       Spare (Right | Down): 22 x 54
                        }
[21:34:56] [  END  ]    Surface created [Elapsed time = 0 seg]
[21:34:56] [ BEGIN ]    -- Freeing image --
                        {
           [ INFO  ]       File name: ../SpaceGame/resources/animations/advance/Rock_Avanza_08.png
                        }
[21:34:56] [  END  ]    Ok [Elapsed time = 0.001 seg]
[21:34:56] [ BEGIN ]    -- Creating surface --
                        {
           [ INFO  ]       From image: ../SpaceGame/resources/animations/advance/Rock_Avanza_09.png
           [ INFO  ]       Type: IND_ALPHA
           [ INFO  ]       Quality: IND_32
           [ INFO  ]       Image size: 102 x 198
           [ INFO  ]       Block size: 128 x 256
           [ INFO  ]       Number of blocks: 1 x 1
           [ INFO  ]       Spare (Right | Down): 26 x 58
                        }
[21:34:56] [  END  ]    Surface created [Elapsed time = 0 seg]
[21:34:56] [ BEGIN ]    -- Freeing image --
                        {
           [ INFO  ]       File name: ../SpaceGame/resources/animations/advance/Rock_Avanza_09.png
                        }
[21:34:56] [  END  ]    Ok [Elapsed time = 0 seg]
[21:34:56] [ BEGIN ]    -- Creating surface --
                        {
           [ INFO  ]       From image: ../SpaceGame/resources/animations/advance/Rock_Avanza_10.png
           [ INFO  ]       Type: IND_ALPHA
           [ INFO  ]       Quality: IND_32
           [ INFO  ]       Image size: 102 x 196
           [ INFO  ]       Block size: 128 x 256
           [ INFO  ]       Number of blocks: 1 x 1
           [ INFO  ]       Spare (Right | Down): 26 x 60
                        }
[21:34:56] [  END  ]    Surface created [Elapsed time = 0 seg]
[21:34:56] [ BEGIN ]    -- Freeing image --
                        {
           [ INFO  ]       File name: ../SpaceGame/resources/animations/advance/Rock_Avanza_10.png
                        }
[21:34:56] [  END  ]    Ok [Elapsed time = 0 seg]
[21:34:56] [ BEGIN ]    -- Parsing and loading animation --
                        {
           [ INFO  ]       File name: ../SpaceGame/resources/animations/character3.xml
[21:34:56] [ BEGIN ]       -- Loading Image --
                           {
           [ INFO  ]          File name: ../SpaceGame/resources/animations/advance2/Rock_Avanza_01.png
           [ INFO  ]          Extension: png
           [ INFO  ]          Size: 170 x 198
           [ INFO  ]          Bpp: 3
           [ INFO  ]          Format: IND_RGB
                           }
[21:34:56] [  END  ]       Image loaded [Elapsed time = 0.001 seg]
[21:34:56] [ BEGIN ]       -- Loading Image --
                           {
           [ INFO  ]          File name: ../SpaceGame/resources/animations/advance2/Rock_Avanza_02.png
           [ INFO  ]          Extension: png
           [ INFO  ]          Size: 170 x 198
           [ INFO  ]          Bpp: 3
           [ INFO  ]          Format: IND_RGB
                           }
[21:34:56] [  END  ]       Image loaded [Elapsed time = 0.001 seg]
[21:34:56] [ BEGIN ]       -- Loading Image --
                           {
           [ INFO  ]          File name: ../SpaceGame/resources/animations/advance2/Rock_Avanza_03.png
           [ INFO  ]          Extension: png
           [ INFO  ]          Size: 170 x 202
           [ INFO  ]          Bpp: 3
           [ INFO  ]          Format: IND_RGB
                           }
[21:34:56] [  END  ]       Image loaded [Elapsed time = 0.001 seg]
[21:34:56] [ BEGIN ]       -- Loading Image --
                           {
           [ INFO  ]          File name: ../SpaceGame/resources/animations/advance2/Rock_Avanza_04.png
           [ INFO  ]          Extension: png
           [ INFO  ]          Size: 170 x 200
           [ INFO  ]          Bpp: 3
           [ INFO  ]          Format: IND_RGB
                           }
[21:34:56] [  END  ]       Image loaded [Elapsed time = 0.001 seg]
[21:34:56] [ BEGIN ]       -- Loading Image --
                           {
           [ INFO  ]          File name: ../SpaceGame/resources/animations/advance2/Rock_Avanza_05.png
           [ INFO  ]          Extension: png
           [ INFO  ]          Size: 170 x 200
           [ INFO  ]          Bpp: 3
           [ INFO  ]          Format: IND_RGB
                           }
[21:34:56] [  END  ]       Image loaded [Elapsed time = 0.001 seg]
[21:34:56] [ BEGIN ]       -- Loading Image --
                           {
           [ INFO  ]          File name: ../SpaceGame/resources/animations/advance2/Rock_Avanza_06.png
           [ INFO  ]          Extension: png
           [ INFO  ]          Size: 170 x 202
           [ INFO  ]          Bpp: 3
           [ INFO  ]          Format: IND_RGB
                           }
[21:34:56] [  END  ]       Image loaded [Elapsed time = 0.001 seg]
[21:34:56] [ BEGIN ]       -- Loading Image --
                           {
           [ INFO  ]          File name: ../SpaceGame/resources/animations/advance2/Rock_Avanza_07.png
           [ INFO  ]          Extension: png
           [ INFO  ]          Size: 170 x 204
           [ INFO  ]          Bpp: 3
           [ INFO  ]          Format: IND_RGB
                           }
[21:34:56] [  END  ]       Image loaded [Elapsed time = 0.001 seg]
[21:34:56] [ BEGIN ]       -- Loading Image --
                           {
           [ INFO  ]          File name: ../SpaceGame/resources/animations/advance2/Rock_Avanza_08.png
           [ INFO  ]          Extension: png
           [ INFO  ]          Size: 170 x 202
           [ INFO  ]          Bpp: 3
           [ INFO  ]          Format: IND_RGB
                           }
[21:34:56] [  END  ]       Image loaded [Elapsed time = 0.001 seg]
[21:34:56] [ BEGIN ]       -- Loading Image --
                           {
           [ INFO  ]          File name: ../SpaceGame/resources/animations/advance2/Rock_Avanza_09.png
           [ INFO  ]          Extension: png
           [ INFO  ]          Size: 170 x 198
           [ INFO  ]          Bpp: 3
           [ INFO  ]          Format: IND_RGB
                           }
[21:34:56] [  END  ]       Image loaded [Elapsed time = 0.001 seg]
                        }
[21:34:56] [  END  ]    Animation parsed and loaded [Elapsed time = 0.01 seg]
[21:34:56] [ BEGIN ]    -- Creating surface --
                        {
           [ INFO  ]       From image: ../SpaceGame/resources/animations/advance2/Rock_Avanza_01.png
           [ INFO  ]       Type: IND_ALPHA
           [ INFO  ]       Quality: IND_32
           [ INFO  ]       Image size: 170 x 198
           [ INFO  ]       Block size: 256 x 256
           [ INFO  ]       Number of blocks: 1 x 1
           [ INFO  ]       Spare (Right | Down): 86 x 58
                        }
[21:34:56] [  END  ]    Surface created [Elapsed time = 0.001 seg]
[21:34:56] [ BEGIN ]    -- Freeing image --
                        {
           [ INFO  ]       File name: ../SpaceGame/resources/animations/advance2/Rock_Avanza_01.png
                        }
[21:34:56] [  END  ]    Ok [Elapsed time = 0 seg]
[21:34:56] [ BEGIN ]    -- Creating surface --
                        {
           [ INFO  ]       From image: ../SpaceGame/resources/animations/advance2/Rock_Avanza_02.png
           [ INFO  ]       Type: IND_ALPHA
           [ INFO  ]       Quality: IND_32
           [ INFO  ]       Image size: 170 x 198
           [ INFO  ]       Block size: 256 x 256
           [ INFO  ]       Number of blocks: 1 x 1
           [ INFO  ]       Spare (Right | Down): 86 x 58
                        }
[21:34:56] [  END  ]    Surface created [Elapsed time = 0 seg]
[21:34:56] [ BEGIN ]    -- Freeing image --
                        {
           [ INFO  ]       File name: ../SpaceGame/resources/animations/advance2/Rock_Avanza_02.png
                        }
[21:34:56] [  END  ]    Ok [Elapsed time = 0 seg]
[21:34:56] [ BEGIN ]    -- Creating surface --
                        {
           [ INFO  ]       From image: ../SpaceGame/resources/animations/advance2/Rock_Avanza_03.png
           [ INFO  ]       Type: IND_ALPHA
           [ INFO  ]       Quality: IND_32
           [ INFO  ]       Image size: 170 x 202
           [ INFO  ]       Block size: 256 x 256
           [ INFO  ]       Number of blocks: 1 x 1
           [ INFO  ]       Spare (Right | Down): 86 x 54
                        }
[21:34:56] [  END  ]    Surface created [Elapsed time = 0 seg]
[21:34:56] [ BEGIN ]    -- Freeing image --
                        {
           [ INFO  ]       File name: ../SpaceGame/resources/animations/advance2/Rock_Avanza_03.png
                        }
[21:34:56] [  END  ]    Ok [Elapsed time = 0 seg]
[21:34:56] [ BEGIN ]    -- Creating surface --
                        {
           [ INFO  ]       From image: ../SpaceGame/resources/animations/advance2/Rock_Avanza_04.png
           [ INFO  ]       Type: IND_ALPHA
           [ INFO  ]       Quality: IND_32
           [ INFO  ]       Image size: 170 x 200
           [ INFO  ]       Block size: 256 x 256
           [ INFO  ]       Number of blocks: 1 x 1
           [ INFO  ]       Spare (Right | Down): 86 x 56
                        }
[21:34:56] [  END  ]    Surface created [Elapsed time = 0 seg]
[21:34:56] [ BEGIN ]    -- Freeing image --
                        {
           [ INFO  ]       File name: ../SpaceGame/resources/animations/advance2/Rock_Avanza_04.png
                        }
[21:34:56] [  END  ]    Ok [Elapsed time = 0.001 seg]
[21:34:56] [ BEGIN ]    -- Creating surface --
                        {
           [ INFO  ]       From image: ../SpaceGame/resources/animations/advance2/Rock_Avanza_05.png
           [ INFO  ]       Type: IND_ALPHA
           [ INFO  ]       Quality: IND_32
           [ INFO  ]       Image size: 170 x 200
           [ INFO  ]       Block size: 256 x 256
           [ INFO  ]       Number of blocks: 1 x 1
           [ INFO  ]       Spare (Right | Down): 86 x 56
                        }
[21:34:56] [  END  ]    Surface created [Elapsed time = 0 seg]
[21:34:56] [ BEGIN ]    -- Freeing image --
                        {
           [ INFO  ]       File name: ../SpaceGame/resources/animations/advance2/Rock_Avanza_05.png
                        }
[21:34:56] [  END  ]    Ok [Elapsed time = 0.001 seg]
[21:34:56] [ BEGIN ]    -- Creating surface --
                        {
           [ INFO  ]       From image: ../SpaceGame/resources/animations/advance2/Rock_Avanza_06.png
           [ INFO  ]       Type: IND_ALPHA
           [ INFO  ]       Quality: IND_32
           [ INFO  ]       Image size: 170 x 202
           [ INFO  ]       Block size: 256 x 256
           [ INFO  ]       Number of blocks: 1 x 1
           [ INFO  ]       Spare (Right | Down): 86 x 54
                        }
[21:34:56] [  END  ]    Surface created [Elapsed time = 0 seg]
[21:34:56] [ BEGIN ]    -- Freeing image --
                        {
           [ INFO  ]       File name: ../SpaceGame/resources/animations/advance2/Rock_Avanza_06.png
                        }
[21:34:56] [  END  ]    Ok [Elapsed time = 0.001 seg]
[21:34:56] [ BEGIN ]    -- Creating surface --
                        {
           [ INFO  ]       From image: ../SpaceGame/resources/animations/advance2/Rock_Avanza_07.png
           [ INFO  ]       Type: IND_ALPHA
           [ INFO  ]       Quality: IND_32
           [ INFO  ]       Image size: 170 x 204
           [ INFO  ]       Block size: 256 x 256
           [ INFO  ]       Number of blocks: 1 x 1
           [ INFO  ]       Spare (Right | Down): 86 x 52
                        }
[21:34:56] [  END  ]    Surface created [Elapsed time = 0 seg]
[21:34:56] [ BEGIN ]    -- Freeing image --
                        {
           [ INFO  ]       File name: ../SpaceGame/resources/animations/advance2/Rock_Avanza_07.png
                        }
[21:34:56] [  END  ]    Ok [Elapsed time = 0.001 seg]
[21:34:56] [ BEGIN ]    -- Creating surface --
                        {
           [ INFO  ]       From image: ../SpaceGame/resources/animations/advance2/Rock_Avanza_08.png
           [ INFO  ]       Type: IND_ALPHA
           [ INFO  ]       Quality: IND_32
           [ INFO  ]       Image size: 170 x 202
           [ INFO  ]       Block size: 256 x 256
           [ INFO  ]       Number of blocks: 1 x 1
           [ INFO  ]       Spare (Right | Down): 86 x 54
                        }
[21:34:56] [  END  ]    Surface created [Elapsed time = 0 seg]
[21:34:56] [ BEGIN ]    -- Freeing image --
                        {
           [ INFO  ]       File name: ../SpaceGame/resources/animations/advance2/Rock_Avanza_08.png
                        }
[21:34:56] [  END  ]    Ok [Elapsed time = 0 seg]
[21:34:56] [ BEGIN ]    -- Creating surface --
                        {
           [ INFO  ]       From image: ../SpaceGame/resources/animations/advance2/Rock_Avanza_09.png
           [ INFO  ]       Type: IND_ALPHA
           [ INFO  ]       Quality: IND_32
           [ INFO  ]       Image size: 170 x 198
           [ INFO  ]       Block size: 256 x 256
           [ INFO  ]       Number of blocks: 1 x 1
           [ INFO  ]       Spare (Right | Down): 86 x 58
                        }
[21:34:56] [  END  ]    Surface created [Elapsed time = 0 seg]
[21:34:56] [ BEGIN ]    -- Freeing image --
                        {
           [ INFO  ]       File name: ../SpaceGame/resources/animations/advance2/Rock_Avanza_09.png
                        }
[21:34:56] [  END  ]    Ok [Elapsed time = 0 seg]
[21:34:56] [ BEGIN ]    -- Adding 2d entity --
                        {
           [ INFO  ]       Name: 0
                        }
[21:34:56] [  END  ]    2d entity added [Elapsed time = 0 seg]
[21:34:56] [ BEGIN ]    -- Adding 2d entity --
                        {
           [ INFO  ]       Name: 1
                        }
[21:34:56] [  END  ]    2d entity added [Elapsed time = 0 seg]
[21:34:56] [ BEGIN ]    -- Adding 2d entity --
                        {
           [ INFO  ]       Name: 2
                        }
[21:34:56] [  END  ]    2d entity added [Elapsed time = 0 seg]
[21:34:56] [ BEGIN ]    -- Adding 2d entity --
                        {
           [ INFO  ]       Name: 3
                        }
[21:34:56] [  END  ]    2d entity added [Elapsed time = 0 seg]
[21:34:56] [ BEGIN ]    -- Adding 2d entity --
                        {
           [ INFO  ]       Name: 4
                        }
[21:34:56] [  END  ]    2d entity added [Elapsed time = 0.001 seg]
[21:34:56] [ BEGIN ]    -- Adding 2d entity --
                        {
           [ INFO  ]       Name: 5
                        }
[21:34:56] [  END  ]    2d entity added [Elapsed time = 0 seg]
[21:34:56] [ BEGIN ]    -- Adding 2d entity --
                        {
           [ INFO  ]       Name: 6
                        }
[21:34:56] [  END  ]    2d entity added [Elapsed time = 0 seg]
[21:34:56] [ BEGIN ]    -- Adding 2d entity --
                        {
           [ INFO  ]       Name: 7
                        }
[21:34:56] [  END  ]    2d entity added [Elapsed time = 0 seg]
[21:34:56] [ BEGIN ]    -- Adding 2d entity --
                        {
           [ INFO  ]       Name: 8
                        }
[21:34:56] [  END  ]    2d entity added [Elapsed time = 0 seg]
[21:37:14] [ BEGIN ]    -- Finalizing Entity2dManager --
                        {
[21:37:14] [ BEGIN ]       -- Freeing 2d entities --
                           {
           [ INFO  ]          Freeing 2d entity: 0
           [ INFO  ]          Freeing 2d entity: 0
           [ INFO  ]          Freeing 2d entity: 0
           [ INFO  ]          Freeing 2d entity: 0
           [ INFO  ]          Freeing 2d entity: 0
           [ INFO  ]          Freeing 2d entity: 0
           [ INFO  ]          Freeing 2d entity: 0
           [ INFO  ]          Freeing 2d entity: 0
           [ INFO  ]          Freeing 2d entity: 0
                           }
[21:37:14] [  END  ]       Entities freed [Elapsed time = 0 seg]
                        }
[21:37:14] [  END  ]    IND_Entity2dManager finalized [Elapsed time = 0 seg]
[21:37:14] [ BEGIN ]    -- Finalizing FontManager --
                        {
[21:37:14] [ BEGIN ]       -- Freeing fonts --
                           {
                           }
[21:37:14] [  END  ]       Fonts freed [Elapsed time = 0 seg]
                        }
[21:37:14] [  END  ]    FontManager finalized [Elapsed time = 0 seg]
[21:37:14] [ BEGIN ]    -- Finalizing AnimationManager --
                        {
[21:37:14] [ BEGIN ]       -- Freeing animations --
                           {
[21:37:14] [ BEGIN ]          -- Freeing animation --
                              {
           [ INFO  ]             Name: ../SpaceGame/resources/animations/character1.xml
[21:37:14] [ BEGIN ]             -- Freeing surface --
                                 {
                                 }
[21:37:14] [  END  ]             Ok [Elapsed time = 0 seg]
[21:37:14] [ BEGIN ]             -- Freeing surface --
                                 {
                                 }
[21:37:14] [  END  ]             Ok [Elapsed time = 0 seg]
[21:37:14] [ BEGIN ]             -- Freeing surface --
                                 {
                                 }
[21:37:14] [  END  ]             Ok [Elapsed time = 0 seg]
[21:37:14] [ BEGIN ]             -- Freeing surface --
                                 {
                                 }
[21:37:14] [  END  ]             Ok [Elapsed time = 0.001 seg]
[21:37:14] [ BEGIN ]             -- Freeing surface --
                                 {
                                 }
[21:37:14] [  END  ]             Ok [Elapsed time = 0 seg]
[21:37:14] [ BEGIN ]             -- Freeing surface --
                                 {
                                 }
[21:37:14] [  END  ]             Ok [Elapsed time = 0 seg]
[21:37:14] [ BEGIN ]             -- Freeing surface --
                                 {
                                 }
[21:37:14] [  END  ]             Ok [Elapsed time = 0 seg]
[21:37:14] [ BEGIN ]             -- Freeing surface --
                                 {
                                 }
[21:37:14] [  END  ]             Ok [Elapsed time = 0.001 seg]
[21:37:14] [ BEGIN ]             -- Freeing surface --
                                 {
                                 }
[21:37:14] [  END  ]             Ok [Elapsed time = 0 seg]
[21:37:14] [ BEGIN ]             -- Freeing surface --
                                 {
                                 }
[21:37:14] [  END  ]             Ok [Elapsed time = 0.001 seg]
                              }
[21:37:14] [  END  ]          Ok [Elapsed time = 0.004 seg]
[21:37:14] [ BEGIN ]          -- Freeing animation --
                              {
           [ INFO  ]             Name: ../SpaceGame/resources/animations/character3.xml
[21:37:14] [ BEGIN ]             -- Freeing surface --
                                 {
                                 }
[21:37:14] [  END  ]             Ok [Elapsed time = 0 seg]
[21:37:14] [ BEGIN ]             -- Freeing surface --
                                 {
                                 }
[21:37:14] [  END  ]             Ok [Elapsed time = 0 seg]
[21:37:14] [ BEGIN ]             -- Freeing surface --
                                 {
                                 }
[21:37:14] [  END  ]             Ok [Elapsed time = 0.001 seg]
[21:37:14] [ BEGIN ]             -- Freeing surface --
                                 {
                                 }
[21:37:14] [  END  ]             Ok [Elapsed time = 0 seg]
[21:37:14] [ BEGIN ]             -- Freeing surface --
                                 {
                                 }
[21:37:14] [  END  ]             Ok [Elapsed time = 0 seg]
[21:37:14] [ BEGIN ]             -- Freeing surface --
                                 {
                                 }
[21:37:14] [  END  ]             Ok [Elapsed time = 0.001 seg]
[21:37:14] [ BEGIN ]             -- Freeing surface --
                                 {
                                 }
[21:37:14] [  END  ]             Ok [Elapsed time = 0 seg]
[21:37:14] [ BEGIN ]             -- Freeing surface --
                                 {
                                 }
[21:37:14] [  END  ]             Ok [Elapsed time = 0 seg]
[21:37:14] [ BEGIN ]             -- Freeing surface --
                                 {
                                 }
[21:37:14] [  END  ]             Ok [Elapsed time = 0.001 seg]
                              }
[21:37:14] [  END  ]          Ok [Elapsed time = 0.003 seg]
                           }
[21:37:14] [  END  ]       Animations freed [Elapsed time = 0.007 seg]
                        }
[21:37:14] [  END  ]    AnimationManager finalized [Elapsed time = 0.007 seg]
[21:37:14] [ BEGIN ]    -- Finalizing SurfaceManager --
                        {
[21:37:14] [ BEGIN ]       -- Freeing surfaces --
                           {
           [ INFO  ]          Freeing surface:           [ INFO  ]          Freeing surface:           [ INFO  ]          Freeing surface:           [ INFO  ]          Freeing surface:           [ INFO  ]          Freeing surface:           [ INFO  ]          Freeing surface:           [ INFO  ]          Freeing surface:                           }
[21:37:14] [  END  ]       Surfaces freed [Elapsed time = 0.002 seg]
                        }
[21:37:14] [  END  ]    IND_SurfaceManager finalized [Elapsed time = 0.002 seg]
[21:37:14] [ BEGIN ]    -- Finalizing ImageManager --
                        {
[21:37:14] [ BEGIN ]       -- Freeing images --
                           {
                           }
[21:37:14] [  END  ]       Images freed [Elapsed time = 0 seg]
                        }
[21:37:14] [  END  ]    ImageManager finalized [Elapsed time = 0 seg]
[21:37:14] [ BEGIN ]    -- Finalizing Direct3D --
                        {
           [  OK   ]       Finalizing the Device
           [  OK   ]       Finalizing D3D object
[21:37:14] [ BEGIN ]       -- Finalizing the window --
                           {
                           }
[21:37:14] [  END  ]       Window finalized [Elapsed time = 0.001 seg]
                        }
[21:37:14] [  END  ]    Direct3D finalized  [Elapsed time = 0.013 seg]
