Build started 01-Jun-16 22:33:29.
     1>Project "D:\My Stuff\Studying\GameDev\GameDev\ts_internship\C-game-course-master\MyGame\Tutorials\tutorials\win\basic\15_Parallax_Scrolling\15_Parallax_Scrolling.vcxproj" on node 4 (Build target(s)).
     1>ClCompile:
         C:\Program Files (x86)\Visual Studio 2\VC\bin\CL.exe /c /I..\..\..\..\common\include /nologo /W4 /WX- /Od /Ob2 /Oi /Ot /Oy- /GL /D WIN32 /D NDEBUG /Gm- /EHa /MD /GS- /Gy /fp:precise /Zc:wchar_t /Zc:forScope /Fo"D:\My Stuff\Studying\GameDev\GameDev\ts_internship\C-game-course-master\MyGame\Tutorials\tutorials\win\/build/Release/15_Parallax_Scrolling\\" /Fd"D:\My Stuff\Studying\GameDev\GameDev\ts_internship\C-game-course-master\MyGame\Tutorials\tutorials\win\/build/Release/15_Parallax_Scrolling\vc120.pdb" /Gd /TP /analyze- /errorReport:prompt ..\..\..\basic\15_Parallax_Scrolling\CIndieLib_vc2008.cpp ..\..\..\basic\15_Parallax_Scrolling\Tutorial15.cpp ..\..\..\WorkingPath.cpp
         CIndieLib_vc2008.cpp
         Tutorial15.cpp
     1>..\..\..\basic\15_Parallax_Scrolling\Tutorial15.cpp(89): warning C4244: 'argument' : conversion from 'int' to 'float', possible loss of data
     1>..\..\..\basic\15_Parallax_Scrolling\Tutorial15.cpp(90): warning C4244: 'argument' : conversion from 'int' to 'float', possible loss of data
     1>..\..\..\basic\15_Parallax_Scrolling\Tutorial15.cpp(91): warning C4244: 'argument' : conversion from 'int' to 'float', possible loss of data
     1>..\..\..\basic\15_Parallax_Scrolling\Tutorial15.cpp(99): warning C4244: 'argument' : conversion from 'int' to 'float', possible loss of data
     1>..\..\..\basic\15_Parallax_Scrolling\Tutorial15.cpp(148): warning C4244: 'argument' : conversion from 'int' to 'float', possible loss of data
     1>..\..\..\basic\15_Parallax_Scrolling\Tutorial15.cpp(149): warning C4244: 'argument' : conversion from 'int' to 'float', possible loss of data
     1>..\..\..\basic\15_Parallax_Scrolling\Tutorial15.cpp(150): warning C4244: 'argument' : conversion from 'int' to 'float', possible loss of data
         WorkingPath.cpp
       Link:
         C:\Program Files (x86)\Visual Studio 2\VC\bin\link.exe /ERRORREPORT:PROMPT /OUT:"D:\My Stuff\Studying\GameDev\GameDev\ts_internship\C-game-course-master\MyGame\Tutorials\tutorials\win\basic\15_Parallax_Scrolling\/../../../../bin/win\15_Parallax_Scrolling.exe" /INCREMENTAL:NO /NOLOGO /LIBPATH:../../../../bin/win IndieLib.lib kernel32.lib user32.lib gdi32.lib winspool.lib comdlg32.lib advapi32.lib shell32.lib ole32.lib oleaut32.lib uuid.lib odbc32.lib odbccp32.lib /MANIFEST /MANIFESTUAC:"level='asInvoker' uiAccess='false'" /manifest:embed /PDB:"D:\My Stuff\Studying\GameDev\GameDev\ts_internship\C-game-course-master\MyGame\Tutorials\tutorials\win\basic\15_Parallax_Scrolling\/../../../../bin/win\15_Parallax_Scrolling.pdb" /OPT:REF /OPT:ICF /LTCG /TLBID:1 /DYNAMICBASE /NXCOMPAT /IMPLIB:"D:\My Stuff\Studying\GameDev\GameDev\ts_internship\C-game-course-master\MyGame\Tutorials\tutorials\win\basic\15_Parallax_Scrolling\/../../../../bin/win\15_Parallax_Scrolling.lib" /MACHINE:X86 /SAFESEH "D:\My Stuff\Studying\GameDev\GameDev\ts_internship\C-game-course-master\MyGame\Tutorials\tutorials\win\/build/Release/15_Parallax_Scrolling\CIndieLib_vc2008.obj"
         "D:\My Stuff\Studying\GameDev\GameDev\ts_internship\C-game-course-master\MyGame\Tutorials\tutorials\win\/build/Release/15_Parallax_Scrolling\Tutorial15.obj"
         "D:\My Stuff\Studying\GameDev\GameDev\ts_internship\C-game-course-master\MyGame\Tutorials\tutorials\win\/build/Release/15_Parallax_Scrolling\WorkingPath.obj"
         Generating code
         Finished generating code
         15_Parallax_Scrolling.vcxproj -> D:\My Stuff\Studying\GameDev\GameDev\ts_internship\C-game-course-master\MyGame\Tutorials\tutorials\win\basic\15_Parallax_Scrolling\/../../../../bin/win\15_Parallax_Scrolling.exe
     1>Done Building Project "D:\My Stuff\Studying\GameDev\GameDev\ts_internship\C-game-course-master\MyGame\Tutorials\tutorials\win\basic\15_Parallax_Scrolling\15_Parallax_Scrolling.vcxproj" (Build target(s)).

Build succeeded.

Time Elapsed 00:00:05.26
